<?xml version="1.0" encoding="UTF-8"?>
<testng-results ignored="0" total="1" passed="1" failed="0" skipped="0">
  <reporter-output>
    <line>
      <![CDATA[Test has been started]]>
    </line>
  </reporter-output>
  <suite started-at="2023-02-18T07:35:55 IST" name="Default suite" finished-at="2023-02-18T07:36:16 IST" duration-ms="20960">
    <groups>
    </groups>
    <test started-at="2023-02-18T07:35:55 IST" name="Default test" finished-at="2023-02-18T07:36:16 IST" duration-ms="20960">
      <class name="testPackage.ActitimeInvalidLogin">
        <test-method is-config="true" signature="setUp()[pri:0, instance:testPackage.ActitimeInvalidLogin@4e7912d8]" started-at="2023-02-18T07:35:55 IST" name="setUp" finished-at="2023-02-18T07:35:57 IST" duration-ms="1698" status="PASS">
          <reporter-output>
          </reporter-output>
        </test-method> <!-- setUp -->
        <test-method signature="invalidLoginToActiTime()[pri:0, instance:testPackage.ActitimeInvalidLogin@4e7912d8]" started-at="2023-02-18T07:35:57 IST" name="invalidLoginToActiTime" finished-at="2023-02-18T07:36:16 IST" duration-ms="18977" status="PASS">
          <reporter-output>
            <line>
              <![CDATA[Test has been started]]>
            </line>
          </reporter-output>
        </test-method> <!-- invalidLoginToActiTime -->
        <test-method is-config="true" signature="tearDown()[pri:0, instance:testPackage.ActitimeInvalidLogin@4e7912d8]" started-at="2023-02-18T07:36:16 IST" name="tearDown" finished-at="2023-02-18T07:36:16 IST" duration-ms="251" status="PASS">
          <reporter-output>
          </reporter-output>
        </test-method> <!-- tearDown -->
      </class> <!-- testPackage.ActitimeInvalidLogin -->
    </test> <!-- Default test -->
  </suite> <!-- Default suite -->
</testng-results>
